This file contains any messages produced by compilers while
running configure, to aid debugging if configure makes a mistake.

It was created by x48 configure 0.6.4, which was
generated by GNU Autoconf 2.69.  Invocation command line was

  $ ./configure 

## --------- ##
## Platform. ##
## --------- ##

hostname = amnesia
uname -m = x86_64
uname -r = 3.16.0-4-amd64
uname -s = Linux
uname -v = #1 SMP Debian 3.16.7-ckt11-1+deb8u6 (2015-11-09)

/usr/bin/uname -p = unknown
/bin/uname -X     = unknown

/bin/arch              = unknown
/usr/bin/arch -k       = unknown
/usr/convex/getsysinfo = unknown
/usr/bin/hostinfo      = unknown
/bin/machine           = unknown
/usr/bin/oslevel       = unknown
/bin/universe          = unknown

PATH: /usr/local/sbin
PATH: /usr/local/bin
PATH: /usr/sbin
PATH: /usr/bin
PATH: /sbin
PATH: /bin


## ----------- ##
## Core tests. ##
## ----------- ##

configure:2270: checking build system type
configure:2284: result: x86_64-unknown-linux-gnu
configure:2304: checking host system type
configure:2317: result: x86_64-unknown-linux-gnu
configure:2337: checking target system type
configure:2350: result: x86_64-unknown-linux-gnu
configure:2432: checking for gcc
configure:2448: found /usr/bin/gcc
configure:2459: result: gcc
configure:2688: checking for C compiler version
configure:2697: gcc --version >&5
gcc (Debian 4.7.2-5) 4.7.2
Copyright (C) 2012 Free Software Foundation, Inc.
This is free software; see the source for copying conditions.  There is NO
warranty; not even for MERCHANTABILITY or FITNESS FOR A PARTICULAR PURPOSE.

configure:2708: $? = 0
configure:2697: gcc -v >&5
Using built-in specs.
COLLECT_GCC=gcc
COLLECT_LTO_WRAPPER=/usr/lib/gcc/i486-linux-gnu/4.7/lto-wrapper
Target: i486-linux-gnu
Configured with: ../src/configure -v --with-pkgversion='Debian 4.7.2-5' --with-bugurl=file:///usr/share/doc/gcc-4.7/README.Bugs --enable-languages=c,c++,go,fortran,objc,obj-c++ --prefix=/usr --program-suffix=-4.7 --enable-shared --enable-linker-build-id --with-system-zlib --libexecdir=/usr/lib --without-included-gettext --enable-threads=posix --with-gxx-include-dir=/usr/include/c++/4.7 --libdir=/usr/lib --enable-nls --with-sysroot=/ --enable-clocale=gnu --enable-libstdcxx-debug --enable-libstdcxx-time=yes --enable-gnu-unique-object --enable-plugin --enable-objc-gc --enable-targets=all --with-arch-32=i586 --with-tune=generic --enable-checking=release --build=i486-linux-gnu --host=i486-linux-gnu --target=i486-linux-gnu
Thread model: posix
gcc version 4.7.2 (Debian 4.7.2-5) 
configure:2708: $? = 0
configure:2697: gcc -V >&5
gcc: error: unrecognized command line option '-V'
gcc: fatal error: no input files
compilation terminated.
configure:2708: $? = 4
configure:2697: gcc -qversion >&5
gcc: error: unrecognized command line option '-qversion'
gcc: fatal error: no input files
compilation terminated.
configure:2708: $? = 4
configure:2728: checking whether the C compiler works
configure:2750: gcc    conftest.c  >&5
configure:2754: $? = 0
configure:2802: result: yes
configure:2805: checking for C compiler default output file name
configure:2807: result: a.out
configure:2813: checking for suffix of executables
configure:2820: gcc -o conftest    conftest.c  >&5
configure:2824: $? = 0
configure:2846: result: 
configure:2868: checking whether we are cross compiling
configure:2876: gcc -o conftest    conftest.c  >&5
configure:2880: $? = 0
configure:2887: ./conftest
configure:2891: $? = 0
configure:2906: result: no
configure:2911: checking for suffix of object files
configure:2933: gcc -c   conftest.c >&5
configure:2937: $? = 0
configure:2958: result: o
configure:2962: checking whether we are using the GNU C compiler
configure:2981: gcc -c   conftest.c >&5
configure:2981: $? = 0
configure:2990: result: yes
configure:2999: checking whether gcc accepts -g
configure:3019: gcc -c -g  conftest.c >&5
configure:3019: $? = 0
configure:3060: result: yes
configure:3077: checking for gcc option to accept ISO C89
configure:3140: gcc  -c -g -O2  conftest.c >&5
configure:3140: $? = 0
configure:3153: result: none needed
configure:3187: checking for a BSD-compatible install
configure:3255: result: /usr/bin/install -c
configure:3266: checking whether ln -s works
configure:3270: result: yes
configure:3282: checking how to run the C preprocessor
configure:3313: gcc -E  conftest.c
configure:3313: $? = 0
configure:3327: gcc -E  conftest.c
conftest.c:9:28: fatal error: ac_nonexistent.h: No such file or directory
compilation terminated.
configure:3327: $? = 1
configure: failed program was:
| /* confdefs.h */
| #define PACKAGE_NAME "x48"
| #define PACKAGE_TARNAME "x48"
| #define PACKAGE_VERSION "0.6.4"
| #define PACKAGE_STRING "x48 0.6.4"
| #define PACKAGE_BUGREPORT "x48-bugs@gam3.net"
| #define PACKAGE_URL ""
| /* end confdefs.h.  */
| #include <ac_nonexistent.h>
configure:3352: result: gcc -E
configure:3372: gcc -E  conftest.c
configure:3372: $? = 0
configure:3386: gcc -E  conftest.c
conftest.c:9:28: fatal error: ac_nonexistent.h: No such file or directory
compilation terminated.
configure:3386: $? = 1
configure: failed program was:
| /* confdefs.h */
| #define PACKAGE_NAME "x48"
| #define PACKAGE_TARNAME "x48"
| #define PACKAGE_VERSION "0.6.4"
| #define PACKAGE_STRING "x48 0.6.4"
| #define PACKAGE_BUGREPORT "x48-bugs@gam3.net"
| #define PACKAGE_URL ""
| /* end confdefs.h.  */
| #include <ac_nonexistent.h>
configure:3417: checking for X
configure:3525: gcc -E  conftest.c
configure:3525: $? = 0
configure:3556: gcc -o conftest -g -O2   conftest.c -lX11  >&5
configure:3556: $? = 0
configure:3606: result: libraries , headers 
configure:3705: gcc -o conftest -g -O2   conftest.c   -lX11 >&5
configure:3705: $? = 0
configure:3803: checking for gethostbyname
configure:3803: gcc -o conftest -g -O2   conftest.c  >&5
configure:3803: $? = 0
configure:3803: result: yes
configure:3900: checking for connect
configure:3900: gcc -o conftest -g -O2   conftest.c  >&5
configure:3900: $? = 0
configure:3900: result: yes
configure:3949: checking for remove
configure:3949: gcc -o conftest -g -O2   conftest.c  >&5
configure:3949: $? = 0
configure:3949: result: yes
configure:3998: checking for shmat
configure:3998: gcc -o conftest -g -O2   conftest.c  >&5
configure:3998: $? = 0
configure:3998: result: yes
configure:4056: checking for IceConnectionNumber in -lICE
configure:4081: gcc -o conftest -g -O2   conftest.c -lICE   >&5
/usr/bin/ld: cannot find -lICE
collect2: error: ld returned 1 exit status
configure:4081: $? = 1
configure: failed program was:
| /* confdefs.h */
| #define PACKAGE_NAME "x48"
| #define PACKAGE_TARNAME "x48"
| #define PACKAGE_VERSION "0.6.4"
| #define PACKAGE_STRING "x48 0.6.4"
| #define PACKAGE_BUGREPORT "x48-bugs@gam3.net"
| #define PACKAGE_URL ""
| /* end confdefs.h.  */
| 
| /* Override any GCC internal prototype to avoid an error.
|    Use char because int might match the return type of a GCC
|    builtin and then its argument prototype would still apply.  */
| #ifdef __cplusplus
| extern "C"
| #endif
| char IceConnectionNumber ();
| int
| main ()
| {
| return IceConnectionNumber ();
|   ;
|   return 0;
| }
configure:4090: result: no
configure:4125: checking for readline in -lreadline
configure:4150: gcc -o conftest -g -O2   conftest.c -lreadline   >&5
/usr/bin/ld: cannot find -lreadline
collect2: error: ld returned 1 exit status
configure:4150: $? = 1
configure: failed program was:
| /* confdefs.h */
| #define PACKAGE_NAME "x48"
| #define PACKAGE_TARNAME "x48"
| #define PACKAGE_VERSION "0.6.4"
| #define PACKAGE_STRING "x48 0.6.4"
| #define PACKAGE_BUGREPORT "x48-bugs@gam3.net"
| #define PACKAGE_URL ""
| /* end confdefs.h.  */
| 
| /* Override any GCC internal prototype to avoid an error.
|    Use char because int might match the return type of a GCC
|    builtin and then its argument prototype would still apply.  */
| #ifdef __cplusplus
| extern "C"
| #endif
| char readline ();
| int
| main ()
| {
| return readline ();
|   ;
|   return 0;
| }
configure:4159: result: no
configure:4171: checking for add_history in -lhistory
configure:4196: gcc -o conftest -g -O2   conftest.c -lhistory   >&5
/usr/bin/ld: cannot find -lhistory
collect2: error: ld returned 1 exit status
configure:4196: $? = 1
configure: failed program was:
| /* confdefs.h */
| #define PACKAGE_NAME "x48"
| #define PACKAGE_TARNAME "x48"
| #define PACKAGE_VERSION "0.6.4"
| #define PACKAGE_STRING "x48 0.6.4"
| #define PACKAGE_BUGREPORT "x48-bugs@gam3.net"
| #define PACKAGE_URL ""
| /* end confdefs.h.  */
| 
| /* Override any GCC internal prototype to avoid an error.
|    Use char because int might match the return type of a GCC
|    builtin and then its argument prototype would still apply.  */
| #ifdef __cplusplus
| extern "C"
| #endif
| char add_history ();
| int
| main ()
| {
| return add_history ();
|   ;
|   return 0;
| }
configure:4205: result: no
configure:4216: checking for grep that handles long lines and -e
configure:4274: result: /bin/grep
configure:4279: checking for egrep
configure:4341: result: /bin/grep -E
configure:4346: checking for ANSI C header files
configure:4366: gcc -c -g -O2  conftest.c >&5
configure:4366: $? = 0
configure:4439: gcc -o conftest -g -O2   conftest.c  >&5
configure:4439: $? = 0
configure:4439: ./conftest
configure:4439: $? = 0
configure:4450: result: yes
configure:4463: checking for sys/types.h
configure:4463: gcc -c -g -O2  conftest.c >&5
configure:4463: $? = 0
configure:4463: result: yes
configure:4463: checking for sys/stat.h
configure:4463: gcc -c -g -O2  conftest.c >&5
configure:4463: $? = 0
configure:4463: result: yes
configure:4463: checking for stdlib.h
configure:4463: gcc -c -g -O2  conftest.c >&5
configure:4463: $? = 0
configure:4463: result: yes
configure:4463: checking for string.h
configure:4463: gcc -c -g -O2  conftest.c >&5
configure:4463: $? = 0
configure:4463: result: yes
configure:4463: checking for memory.h
configure:4463: gcc -c -g -O2  conftest.c >&5
configure:4463: $? = 0
configure:4463: result: yes
configure:4463: checking for strings.h
configure:4463: gcc -c -g -O2  conftest.c >&5
configure:4463: $? = 0
configure:4463: result: yes
configure:4463: checking for inttypes.h
configure:4463: gcc -c -g -O2  conftest.c >&5
configure:4463: $? = 0
configure:4463: result: yes
configure:4463: checking for stdint.h
configure:4463: gcc -c -g -O2  conftest.c >&5
configure:4463: $? = 0
configure:4463: result: yes
configure:4463: checking for unistd.h
configure:4463: gcc -c -g -O2  conftest.c >&5
configure:4463: $? = 0
configure:4463: result: yes
configure:4477: checking readline/readline.h usability
configure:4477: gcc -c -g -O2  conftest.c >&5
conftest.c:52:31: fatal error: readline/readline.h: No such file or directory
compilation terminated.
configure:4477: $? = 1
configure: failed program was:
| /* confdefs.h */
| #define PACKAGE_NAME "x48"
| #define PACKAGE_TARNAME "x48"
| #define PACKAGE_VERSION "0.6.4"
| #define PACKAGE_STRING "x48 0.6.4"
| #define PACKAGE_BUGREPORT "x48-bugs@gam3.net"
| #define PACKAGE_URL ""
| #define STDC_HEADERS 1
| #define HAVE_SYS_TYPES_H 1
| #define HAVE_SYS_STAT_H 1
| #define HAVE_STDLIB_H 1
| #define HAVE_STRING_H 1
| #define HAVE_MEMORY_H 1
| #define HAVE_STRINGS_H 1
| #define HAVE_INTTYPES_H 1
| #define HAVE_STDINT_H 1
| #define HAVE_UNISTD_H 1
| /* end confdefs.h.  */
| #include <stdio.h>
| #ifdef HAVE_SYS_TYPES_H
| # include <sys/types.h>
| #endif
| #ifdef HAVE_SYS_STAT_H
| # include <sys/stat.h>
| #endif
| #ifdef STDC_HEADERS
| # include <stdlib.h>
| # include <stddef.h>
| #else
| # ifdef HAVE_STDLIB_H
| #  include <stdlib.h>
| # endif
| #endif
| #ifdef HAVE_STRING_H
| # if !defined STDC_HEADERS && defined HAVE_MEMORY_H
| #  include <memory.h>
| # endif
| # include <string.h>
| #endif
| #ifdef HAVE_STRINGS_H
| # include <strings.h>
| #endif
| #ifdef HAVE_INTTYPES_H
| # include <inttypes.h>
| #endif
| #ifdef HAVE_STDINT_H
| # include <stdint.h>
| #endif
| #ifdef HAVE_UNISTD_H
| # include <unistd.h>
| #endif
| #include <readline/readline.h>
configure:4477: result: no
configure:4477: checking readline/readline.h presence
configure:4477: gcc -E  conftest.c
conftest.c:19:31: fatal error: readline/readline.h: No such file or directory
compilation terminated.
configure:4477: $? = 1
configure: failed program was:
| /* confdefs.h */
| #define PACKAGE_NAME "x48"
| #define PACKAGE_TARNAME "x48"
| #define PACKAGE_VERSION "0.6.4"
| #define PACKAGE_STRING "x48 0.6.4"
| #define PACKAGE_BUGREPORT "x48-bugs@gam3.net"
| #define PACKAGE_URL ""
| #define STDC_HEADERS 1
| #define HAVE_SYS_TYPES_H 1
| #define HAVE_SYS_STAT_H 1
| #define HAVE_STDLIB_H 1
| #define HAVE_STRING_H 1
| #define HAVE_MEMORY_H 1
| #define HAVE_STRINGS_H 1
| #define HAVE_INTTYPES_H 1
| #define HAVE_STDINT_H 1
| #define HAVE_UNISTD_H 1
| /* end confdefs.h.  */
| #include <readline/readline.h>
configure:4477: result: no
configure:4477: checking for readline/readline.h
configure:4477: result: no
configure:4489: checking readline/history.h usability
configure:4489: gcc -c -g -O2  conftest.c >&5
conftest.c:52:30: fatal error: readline/history.h: No such file or directory
compilation terminated.
configure:4489: $? = 1
configure: failed program was:
| /* confdefs.h */
| #define PACKAGE_NAME "x48"
| #define PACKAGE_TARNAME "x48"
| #define PACKAGE_VERSION "0.6.4"
| #define PACKAGE_STRING "x48 0.6.4"
| #define PACKAGE_BUGREPORT "x48-bugs@gam3.net"
| #define PACKAGE_URL ""
| #define STDC_HEADERS 1
| #define HAVE_SYS_TYPES_H 1
| #define HAVE_SYS_STAT_H 1
| #define HAVE_STDLIB_H 1
| #define HAVE_STRING_H 1
| #define HAVE_MEMORY_H 1
| #define HAVE_STRINGS_H 1
| #define HAVE_INTTYPES_H 1
| #define HAVE_STDINT_H 1
| #define HAVE_UNISTD_H 1
| /* end confdefs.h.  */
| #include <stdio.h>
| #ifdef HAVE_SYS_TYPES_H
| # include <sys/types.h>
| #endif
| #ifdef HAVE_SYS_STAT_H
| # include <sys/stat.h>
| #endif
| #ifdef STDC_HEADERS
| # include <stdlib.h>
| # include <stddef.h>
| #else
| # ifdef HAVE_STDLIB_H
| #  include <stdlib.h>
| # endif
| #endif
| #ifdef HAVE_STRING_H
| # if !defined STDC_HEADERS && defined HAVE_MEMORY_H
| #  include <memory.h>
| # endif
| # include <string.h>
| #endif
| #ifdef HAVE_STRINGS_H
| # include <strings.h>
| #endif
| #ifdef HAVE_INTTYPES_H
| # include <inttypes.h>
| #endif
| #ifdef HAVE_STDINT_H
| # include <stdint.h>
| #endif
| #ifdef HAVE_UNISTD_H
| # include <unistd.h>
| #endif
| #include <readline/history.h>
configure:4489: result: no
configure:4489: checking readline/history.h presence
configure:4489: gcc -E  conftest.c
conftest.c:19:30: fatal error: readline/history.h: No such file or directory
compilation terminated.
configure:4489: $? = 1
configure: failed program was:
| /* confdefs.h */
| #define PACKAGE_NAME "x48"
| #define PACKAGE_TARNAME "x48"
| #define PACKAGE_VERSION "0.6.4"
| #define PACKAGE_STRING "x48 0.6.4"
| #define PACKAGE_BUGREPORT "x48-bugs@gam3.net"
| #define PACKAGE_URL ""
| #define STDC_HEADERS 1
| #define HAVE_SYS_TYPES_H 1
| #define HAVE_SYS_STAT_H 1
| #define HAVE_STDLIB_H 1
| #define HAVE_STRING_H 1
| #define HAVE_MEMORY_H 1
| #define HAVE_STRINGS_H 1
| #define HAVE_INTTYPES_H 1
| #define HAVE_STDINT_H 1
| #define HAVE_UNISTD_H 1
| /* end confdefs.h.  */
| #include <readline/history.h>
configure:4489: result: no
configure:4489: checking for readline/history.h
configure:4489: result: no
configure:4518: checking for X11/extensions/XShm.h
configure:4518: gcc -c -g -O2  conftest.c >&5
conftest.c:21:33: fatal error: X11/extensions/XShm.h: No such file or directory
compilation terminated.
configure:4518: $? = 1
configure: failed program was:
| /* confdefs.h */
| #define PACKAGE_NAME "x48"
| #define PACKAGE_TARNAME "x48"
| #define PACKAGE_VERSION "0.6.4"
| #define PACKAGE_STRING "x48 0.6.4"
| #define PACKAGE_BUGREPORT "x48-bugs@gam3.net"
| #define PACKAGE_URL ""
| #define STDC_HEADERS 1
| #define HAVE_SYS_TYPES_H 1
| #define HAVE_SYS_STAT_H 1
| #define HAVE_STDLIB_H 1
| #define HAVE_STRING_H 1
| #define HAVE_MEMORY_H 1
| #define HAVE_STRINGS_H 1
| #define HAVE_INTTYPES_H 1
| #define HAVE_STDINT_H 1
| #define HAVE_UNISTD_H 1
| /* end confdefs.h.  */
| #include <X11/Xlib.h>
| 
| #include <X11/extensions/XShm.h>
configure:4518: result: no
configure:4578: checking for XCloseDisplay in -lGL
configure:4603: gcc -o conftest -g -O2   conftest.c -lGL   >&5
/usr/bin/ld: cannot find -lGL
collect2: error: ld returned 1 exit status
configure:4603: $? = 1
configure: failed program was:
| /* confdefs.h */
| #define PACKAGE_NAME "x48"
| #define PACKAGE_TARNAME "x48"
| #define PACKAGE_VERSION "0.6.4"
| #define PACKAGE_STRING "x48 0.6.4"
| #define PACKAGE_BUGREPORT "x48-bugs@gam3.net"
| #define PACKAGE_URL ""
| #define STDC_HEADERS 1
| #define HAVE_SYS_TYPES_H 1
| #define HAVE_SYS_STAT_H 1
| #define HAVE_STDLIB_H 1
| #define HAVE_STRING_H 1
| #define HAVE_MEMORY_H 1
| #define HAVE_STRINGS_H 1
| #define HAVE_INTTYPES_H 1
| #define HAVE_STDINT_H 1
| #define HAVE_UNISTD_H 1
| /* end confdefs.h.  */
| 
| /* Override any GCC internal prototype to avoid an error.
|    Use char because int might match the return type of a GCC
|    builtin and then its argument prototype would still apply.  */
| #ifdef __cplusplus
| extern "C"
| #endif
| char XCloseDisplay ();
| int
| main ()
| {
| return XCloseDisplay ();
|   ;
|   return 0;
| }
configure:4612: result: no
configure:4625: checking for ANSI C header files
configure:4729: result: yes
configure:4740: checking fcntl.h usability
configure:4740: gcc -c -g -O2  conftest.c >&5
configure:4740: $? = 0
configure:4740: result: yes
configure:4740: checking fcntl.h presence
configure:4740: gcc -E  conftest.c
configure:4740: $? = 0
configure:4740: result: yes
configure:4740: checking for fcntl.h
configure:4740: result: yes
configure:4740: checking for memory.h
configure:4740: result: yes
configure:4740: checking for stdlib.h
configure:4740: result: yes
configure:4740: checking for string.h
configure:4740: result: yes
configure:4740: checking sys/ioctl.h usability
configure:4740: gcc -c -g -O2  conftest.c >&5
configure:4740: $? = 0
configure:4740: result: yes
configure:4740: checking sys/ioctl.h presence
configure:4740: gcc -E  conftest.c
configure:4740: $? = 0
configure:4740: result: yes
configure:4740: checking for sys/ioctl.h
configure:4740: result: yes
configure:4740: checking sys/time.h usability
configure:4740: gcc -c -g -O2  conftest.c >&5
configure:4740: $? = 0
configure:4740: result: yes
configure:4740: checking sys/time.h presence
configure:4740: gcc -E  conftest.c
configure:4740: $? = 0
configure:4740: result: yes
configure:4740: checking for sys/time.h
configure:4740: result: yes
configure:4740: checking termios.h usability
configure:4740: gcc -c -g -O2  conftest.c >&5
configure:4740: $? = 0
configure:4740: result: yes
configure:4740: checking termios.h presence
configure:4740: gcc -E  conftest.c
configure:4740: $? = 0
configure:4740: result: yes
configure:4740: checking for termios.h
configure:4740: result: yes
configure:4740: checking for unistd.h
configure:4740: result: yes
configure:4740: checking for stdint.h
configure:4740: result: yes
configure:4752: checking for an ANSI C-conforming const
configure:4818: gcc -c -g -O2  conftest.c >&5
configure:4818: $? = 0
configure:4825: result: yes
configure:4833: checking for inline
configure:4849: gcc -c -g -O2  conftest.c >&5
configure:4849: $? = 0
configure:4857: result: inline
configure:4875: checking for size_t
configure:4875: gcc -c -g -O2  conftest.c >&5
configure:4875: $? = 0
configure:4875: gcc -c -g -O2  conftest.c >&5
conftest.c: In function 'main':
conftest.c:65:21: error: expected expression before ')' token
configure:4875: $? = 1
configure: failed program was:
| /* confdefs.h */
| #define PACKAGE_NAME "x48"
| #define PACKAGE_TARNAME "x48"
| #define PACKAGE_VERSION "0.6.4"
| #define PACKAGE_STRING "x48 0.6.4"
| #define PACKAGE_BUGREPORT "x48-bugs@gam3.net"
| #define PACKAGE_URL ""
| #define STDC_HEADERS 1
| #define HAVE_SYS_TYPES_H 1
| #define HAVE_SYS_STAT_H 1
| #define HAVE_STDLIB_H 1
| #define HAVE_STRING_H 1
| #define HAVE_MEMORY_H 1
| #define HAVE_STRINGS_H 1
| #define HAVE_INTTYPES_H 1
| #define HAVE_STDINT_H 1
| #define HAVE_UNISTD_H 1
| #define STDC_HEADERS 1
| #define HAVE_FCNTL_H 1
| #define HAVE_MEMORY_H 1
| #define HAVE_STDLIB_H 1
| #define HAVE_STRING_H 1
| #define HAVE_SYS_IOCTL_H 1
| #define HAVE_SYS_TIME_H 1
| #define HAVE_TERMIOS_H 1
| #define HAVE_UNISTD_H 1
| #define HAVE_STDINT_H 1
| /* end confdefs.h.  */
| #include <stdio.h>
| #ifdef HAVE_SYS_TYPES_H
| # include <sys/types.h>
| #endif
| #ifdef HAVE_SYS_STAT_H
| # include <sys/stat.h>
| #endif
| #ifdef STDC_HEADERS
| # include <stdlib.h>
| # include <stddef.h>
| #else
| # ifdef HAVE_STDLIB_H
| #  include <stdlib.h>
| # endif
| #endif
| #ifdef HAVE_STRING_H
| # if !defined STDC_HEADERS && defined HAVE_MEMORY_H
| #  include <memory.h>
| # endif
| # include <string.h>
| #endif
| #ifdef HAVE_STRINGS_H
| # include <strings.h>
| #endif
| #ifdef HAVE_INTTYPES_H
| # include <inttypes.h>
| #endif
| #ifdef HAVE_STDINT_H
| # include <stdint.h>
| #endif
| #ifdef HAVE_UNISTD_H
| # include <unistd.h>
| #endif
| int
| main ()
| {
| if (sizeof ((size_t)))
| 	    return 0;
|   ;
|   return 0;
| }
configure:4875: result: yes
configure:4886: checking whether time.h and sys/time.h may both be included
configure:4906: gcc -c -g -O2  conftest.c >&5
configure:4906: $? = 0
configure:4913: result: yes
configure:4921: checking whether struct tm is in sys/time.h or time.h
configure:4941: gcc -c -g -O2  conftest.c >&5
configure:4941: $? = 0
configure:4948: result: time.h
configure:4982: checking whether gcc needs -traditional
configure:5016: result: no
configure:5025: checking for stdlib.h
configure:5025: result: yes
configure:5035: checking for GNU libc compatible malloc
configure:5059: gcc -o conftest -g -O2   conftest.c  >&5
configure:5059: $? = 0
configure:5059: ./conftest
configure:5059: $? = 0
configure:5069: result: yes
configure:5093: checking sys/select.h usability
configure:5093: gcc -c -g -O2  conftest.c >&5
configure:5093: $? = 0
configure:5093: result: yes
configure:5093: checking sys/select.h presence
configure:5093: gcc -E  conftest.c
configure:5093: $? = 0
configure:5093: result: yes
configure:5093: checking for sys/select.h
configure:5093: result: yes
configure:5093: checking sys/socket.h usability
configure:5093: gcc -c -g -O2  conftest.c >&5
configure:5093: $? = 0
configure:5093: result: yes
configure:5093: checking sys/socket.h presence
configure:5093: gcc -E  conftest.c
configure:5093: $? = 0
configure:5093: result: yes
configure:5093: checking for sys/socket.h
configure:5093: result: yes
configure:5103: checking types of arguments for select
configure:5131: gcc -c -g -O2  conftest.c >&5
configure:5131: $? = 0
configure:5142: result: int,fd_set *,struct timeval *
configure:5165: checking whether lstat correctly handles trailing slash
configure:5191: gcc -o conftest -g -O2   conftest.c  >&5
configure:5191: $? = 0
configure:5191: ./conftest
configure:5191: $? = 0
configure:5208: result: yes
configure:5227: checking whether stat accepts an empty string
configure:5247: gcc -o conftest -g -O2   conftest.c  >&5
configure:5247: $? = 0
configure:5247: ./conftest
configure:5247: $? = 0
configure:5257: result: no
configure:5276: checking for bzero
configure:5276: gcc -o conftest -g -O2   conftest.c  >&5
conftest.c:67:6: warning: conflicting types for built-in function 'bzero' [enabled by default]
configure:5276: $? = 0
configure:5276: result: yes
configure:5276: checking for gethostname
configure:5276: gcc -o conftest -g -O2   conftest.c  >&5
configure:5276: $? = 0
configure:5276: result: yes
configure:5276: checking for gettimeofday
configure:5276: gcc -o conftest -g -O2   conftest.c  >&5
configure:5276: $? = 0
configure:5276: result: yes
configure:5276: checking for memset
configure:5276: gcc -o conftest -g -O2   conftest.c  >&5
conftest.c:70:6: warning: conflicting types for built-in function 'memset' [enabled by default]
configure:5276: $? = 0
configure:5276: result: yes
configure:5276: checking for mkdir
configure:5276: gcc -o conftest -g -O2   conftest.c  >&5
configure:5276: $? = 0
configure:5276: result: yes
configure:5276: checking for select
configure:5276: gcc -o conftest -g -O2   conftest.c  >&5
configure:5276: $? = 0
configure:5276: result: yes
configure:5276: checking for strdup
configure:5276: gcc -o conftest -g -O2   conftest.c  >&5
conftest.c:73:6: warning: conflicting types for built-in function 'strdup' [enabled by default]
configure:5276: $? = 0
configure:5276: result: yes
configure:5276: checking for strrchr
configure:5276: gcc -o conftest -g -O2   conftest.c  >&5
conftest.c:74:6: warning: conflicting types for built-in function 'strrchr' [enabled by default]
configure:5276: $? = 0
configure:5276: result: yes
configure:5276: checking for uname
configure:5276: gcc -o conftest -g -O2   conftest.c  >&5
configure:5276: $? = 0
configure:5276: result: yes
configure:5299: checking whether build environment is sane
configure:5349: result: yes
configure:5490: checking for a thread-safe mkdir -p
configure:5529: result: /bin/mkdir -p
configure:5542: checking for gawk
configure:5572: result: no
configure:5542: checking for mawk
configure:5558: found /usr/bin/mawk
configure:5569: result: mawk
configure:5580: checking whether make sets $(MAKE)
configure:5602: result: yes
configure:5632: checking for style of include used by make
configure:5660: result: GNU
configure:5746: checking dependency style of gcc
configure:5857: result: gcc3
configure:6006: creating ./config.status

## ---------------------- ##
## Running config.status. ##
## ---------------------- ##

This file was extended by x48 config.status 0.6.4, which was
generated by GNU Autoconf 2.69.  Invocation command line was

  CONFIG_FILES    = 
  CONFIG_HEADERS  = 
  CONFIG_LINKS    = 
  CONFIG_COMMANDS = 
  $ ./config.status 

on amnesia

config.status:905: creating Makefile
config.status:905: creating romdump/Makefile
config.status:905: creating src/x48.man
config.status:905: creating rpm/x48.spec
config.status:905: creating src/Makefile
config.status:905: creating config.h
config.status:1134: executing depfiles commands

## ---------------- ##
## Cache variables. ##
## ---------------- ##

ac_cv_build=x86_64-unknown-linux-gnu
ac_cv_c_compiler_gnu=yes
ac_cv_c_const=yes
ac_cv_c_inline=inline
ac_cv_env_CC_set=
ac_cv_env_CC_value=
ac_cv_env_CFLAGS_set=
ac_cv_env_CFLAGS_value=
ac_cv_env_CPPFLAGS_set=
ac_cv_env_CPPFLAGS_value=
ac_cv_env_CPP_set=
ac_cv_env_CPP_value=
ac_cv_env_LDFLAGS_set=
ac_cv_env_LDFLAGS_value=
ac_cv_env_LIBS_set=
ac_cv_env_LIBS_value=
ac_cv_env_XMKMF_set=
ac_cv_env_XMKMF_value=
ac_cv_env_build_alias_set=
ac_cv_env_build_alias_value=
ac_cv_env_host_alias_set=
ac_cv_env_host_alias_value=
ac_cv_env_target_alias_set=
ac_cv_env_target_alias_value=
ac_cv_func_bzero=yes
ac_cv_func_connect=yes
ac_cv_func_gethostbyname=yes
ac_cv_func_gethostname=yes
ac_cv_func_gettimeofday=yes
ac_cv_func_lstat_dereferences_slashed_symlink=yes
ac_cv_func_malloc_0_nonnull=yes
ac_cv_func_memset=yes
ac_cv_func_mkdir=yes
ac_cv_func_remove=yes
ac_cv_func_select=yes
ac_cv_func_select_args='int,fd_set *,struct timeval *'
ac_cv_func_shmat=yes
ac_cv_func_stat_empty_string_bug=no
ac_cv_func_strdup=yes
ac_cv_func_strrchr=yes
ac_cv_func_uname=yes
ac_cv_have_x='have_x=yes	ac_x_includes='\'''\''	ac_x_libraries='\'''\'''
ac_cv_header_X11_extensions_XShm_h=no
ac_cv_header_fcntl_h=yes
ac_cv_header_inttypes_h=yes
ac_cv_header_memory_h=yes
ac_cv_header_readline_history_h=no
ac_cv_header_readline_readline_h=no
ac_cv_header_stdc=yes
ac_cv_header_stdint_h=yes
ac_cv_header_stdlib_h=yes
ac_cv_header_string_h=yes
ac_cv_header_strings_h=yes
ac_cv_header_sys_ioctl_h=yes
ac_cv_header_sys_select_h=yes
ac_cv_header_sys_socket_h=yes
ac_cv_header_sys_stat_h=yes
ac_cv_header_sys_time_h=yes
ac_cv_header_sys_types_h=yes
ac_cv_header_termios_h=yes
ac_cv_header_time=yes
ac_cv_header_unistd_h=yes
ac_cv_host=x86_64-unknown-linux-gnu
ac_cv_lib_GL_XCloseDisplay=no
ac_cv_lib_ICE_IceConnectionNumber=no
ac_cv_lib_history_add_history=no
ac_cv_lib_readline_readline=no
ac_cv_objext=o
ac_cv_path_EGREP='/bin/grep -E'
ac_cv_path_GREP=/bin/grep
ac_cv_path_install='/usr/bin/install -c'
ac_cv_path_mkdir=/bin/mkdir
ac_cv_prog_AWK=mawk
ac_cv_prog_CPP='gcc -E'
ac_cv_prog_ac_ct_CC=gcc
ac_cv_prog_cc_c89=
ac_cv_prog_cc_g=yes
ac_cv_prog_gcc_traditional=no
ac_cv_prog_make_make_set=yes
ac_cv_struct_tm=time.h
ac_cv_target=x86_64-unknown-linux-gnu
ac_cv_type_size_t=yes
am_cv_CC_dependencies_compiler_type=gcc3

## ----------------- ##
## Output variables. ##
## ----------------- ##

ACLOCAL='${SHELL} /home/amnesia/Persistent/sw/x48-0.6.4/missing --run aclocal-1.11'
AMDEPBACKSLASH='\'
AMDEP_FALSE='#'
AMDEP_TRUE=''
AMTAR='$${TAR-tar}'
AUTOCONF='${SHELL} /home/amnesia/Persistent/sw/x48-0.6.4/missing --run autoconf'
AUTOHEADER='${SHELL} /home/amnesia/Persistent/sw/x48-0.6.4/missing --run autoheader'
AUTOMAKE='${SHELL} /home/amnesia/Persistent/sw/x48-0.6.4/missing --run automake-1.11'
AWK='mawk'
CC='gcc'
CCDEPMODE='depmode=gcc3'
CFLAGS='-g -O2'
CPP='gcc -E'
CPPFLAGS=''
CYGPATH_W='echo'
DEFS='-DHAVE_CONFIG_H'
DEPDIR='.deps'
ECHO_C=''
ECHO_N='-n'
ECHO_T=''
EGREP='/bin/grep -E'
EXEEXT=''
GREP='/bin/grep'
INSTALL_DATA='${INSTALL} -m 644'
INSTALL_PROGRAM='${INSTALL}'
INSTALL_SCRIPT='${INSTALL}'
INSTALL_STRIP_PROGRAM='$(install_sh) -c -s'
LDFLAGS=''
LIBOBJS=''
LIBS=''
LN_S='ln -s'
LTLIBOBJS=''
MAKEINFO='${SHELL} /home/amnesia/Persistent/sw/x48-0.6.4/missing --run makeinfo'
MKDIR_P='/bin/mkdir -p'
OBJEXT='o'
PACKAGE='x48'
PACKAGE_BUGREPORT='x48-bugs@gam3.net'
PACKAGE_NAME='x48'
PACKAGE_STRING='x48 0.6.4'
PACKAGE_TARNAME='x48'
PACKAGE_URL=''
PACKAGE_VERSION='0.6.4'
PATH_SEPARATOR=':'
SET_MAKE=''
SHELL='/bin/bash'
STRIP=''
VERSION='0.6.4'
XMKMF=''
X_CFLAGS=''
X_EXTRA_LIBS=''
X_LIBS=' -lX11'
X_PRE_LIBS=''
ac_ct_CC='gcc'
am__EXEEXT_FALSE=''
am__EXEEXT_TRUE='#'
am__fastdepCC_FALSE='#'
am__fastdepCC_TRUE=''
am__include='include'
am__isrc=''
am__leading_dot='.'
am__nodep='_no'
am__quote=''
am__tar='$${TAR-tar} chof - "$$tardir"'
am__untar='$${TAR-tar} xf -'
appdefaultdir=''
bindir='${exec_prefix}/bin'
build='x86_64-unknown-linux-gnu'
build_alias=''
build_cpu='x86_64'
build_os='linux-gnu'
build_vendor='unknown'
datadir='${datarootdir}'
datarootdir='${prefix}/share'
docdir='${datarootdir}/doc/${PACKAGE_TARNAME}'
dvidir='${docdir}'
exec_prefix='${prefix}'
host='x86_64-unknown-linux-gnu'
host_alias=''
host_cpu='x86_64'
host_os='linux-gnu'
host_vendor='unknown'
htmldir='${docdir}'
includedir='${prefix}/include'
infodir='${datarootdir}/info'
install_sh='${SHELL} /home/amnesia/Persistent/sw/x48-0.6.4/install-sh'
libdir='${exec_prefix}/lib'
libexecdir='${exec_prefix}/libexec'
localedir='${datarootdir}/locale'
localstatedir='${prefix}/var'
mandir='${datarootdir}/man'
mkdir_p='/bin/mkdir -p'
oldincludedir='/usr/include'
pdfdir='${docdir}'
prefix='/usr/local'
program_transform_name='s,x,x,'
psdir='${docdir}'
sbindir='${exec_prefix}/sbin'
sharedstatedir='${prefix}/com'
sysconfdir='${prefix}/etc'
target='x86_64-unknown-linux-gnu'
target_alias=''
target_cpu='x86_64'
target_os='linux-gnu'
target_vendor='unknown'

## ----------- ##
## confdefs.h. ##
## ----------- ##

/* confdefs.h */
#define PACKAGE_NAME "x48"
#define PACKAGE_TARNAME "x48"
#define PACKAGE_VERSION "0.6.4"
#define PACKAGE_STRING "x48 0.6.4"
#define PACKAGE_BUGREPORT "x48-bugs@gam3.net"
#define PACKAGE_URL ""
#define STDC_HEADERS 1
#define HAVE_SYS_TYPES_H 1
#define HAVE_SYS_STAT_H 1
#define HAVE_STDLIB_H 1
#define HAVE_STRING_H 1
#define HAVE_MEMORY_H 1
#define HAVE_STRINGS_H 1
#define HAVE_INTTYPES_H 1
#define HAVE_STDINT_H 1
#define HAVE_UNISTD_H 1
#define STDC_HEADERS 1
#define HAVE_FCNTL_H 1
#define HAVE_MEMORY_H 1
#define HAVE_STDLIB_H 1
#define HAVE_STRING_H 1
#define HAVE_SYS_IOCTL_H 1
#define HAVE_SYS_TIME_H 1
#define HAVE_TERMIOS_H 1
#define HAVE_UNISTD_H 1
#define HAVE_STDINT_H 1
#define TIME_WITH_SYS_TIME 1
#define VERSION_MAJOR 0
#define VERSION_MINOR 6
#define PATCHLEVEL 4
#define COMPILE_TIME "Tue Dec 22 16:57:14 UTC 2015"
#define COMPILE_BY "G. Allen Morris III"
#define COMPILE_VERSION 0
#define HAVE_STDLIB_H 1
#define HAVE_MALLOC 1
#define HAVE_SYS_SELECT_H 1
#define HAVE_SYS_SOCKET_H 1
#define SELECT_TYPE_ARG1 int
#define SELECT_TYPE_ARG234 (fd_set *)
#define SELECT_TYPE_ARG5 (struct timeval *)
#define LSTAT_FOLLOWS_SLASHED_SYMLINK 1
#define HAVE_BZERO 1
#define HAVE_GETHOSTNAME 1
#define HAVE_GETTIMEOFDAY 1
#define HAVE_MEMSET 1
#define HAVE_MKDIR 1
#define HAVE_SELECT 1
#define HAVE_STRDUP 1
#define HAVE_STRRCHR 1
#define HAVE_UNAME 1
#define PACKAGE "x48"
#define VERSION "0.6.4"

configure: exit 0
